WARNING: An illegal reflective access operation has occurred
WARNING: Illegal reflective access by org.easymock.cglib.core.ReflectUtils$1 (file:/Users/kekaiyao/.gradle/caches/modules-2/files-2.1/org.easymock/easymock/4.3/b0dbe2df1a71b8115835561f46a8f06cb168a94f/easymock-4.3.jar) to method java.lang.ClassLoader.defineClass(java.lang.String,byte[],int,int,java.security.ProtectionDomain)
WARNING: Please consider reporting this to the maintainers of org.easymock.cglib.core.ReflectUtils$1
WARNING: Use --illegal-access=warn to enable warnings of further illegal reflective access operations
WARNING: All illegal access operations will be denied in a future release

8492 tests completed, 4 failed, 22 skipped
WARNING: An illegal reflective access operation has occurred
WARNING: Illegal reflective access by org.easymock.cglib.core.ReflectUtils$1 (file:/Users/kekaiyao/.gradle/caches/modules-2/files-2.1/org.easymock/easymock/4.3/b0dbe2df1a71b8115835561f46a8f06cb168a94f/easymock-4.3.jar) to method java.lang.ClassLoader.defineClass(java.lang.String,byte[],int,int,java.security.ProtectionDomain)
WARNING: Please consider reporting this to the maintainers of org.easymock.cglib.core.ReflectUtils$1
WARNING: Use --illegal-access=warn to enable warnings of further illegal reflective access operations
WARNING: All illegal access operations will be denied in a future release
WARNING: An illegal reflective access operation has occurred
WARNING: Illegal reflective access by org.easymock.cglib.core.ReflectUtils$1 (file:/Users/kekaiyao/.gradle/caches/modules-2/files-2.1/org.easymock/easymock/4.3/b0dbe2df1a71b8115835561f46a8f06cb168a94f/easymock-4.3.jar) to method java.lang.ClassLoader.defineClass(java.lang.String,byte[],int,int,java.security.ProtectionDomain)
WARNING: Please consider reporting this to the maintainers of org.easymock.cglib.core.ReflectUtils$1
WARNING: Use --illegal-access=warn to enable warnings of further illegal reflective access operations
WARNING: All illegal access operations will be denied in a future release
WARNING: An illegal reflective access operation has occurred
WARNING: Illegal reflective access by org.easymock.cglib.core.ReflectUtils$1 (file:/Users/kekaiyao/.gradle/caches/modules-2/files-2.1/org.easymock/easymock/4.3/b0dbe2df1a71b8115835561f46a8f06cb168a94f/easymock-4.3.jar) to method java.lang.ClassLoader.defineClass(java.lang.String,byte[],int,int,java.security.ProtectionDomain)
WARNING: Please consider reporting this to the maintainers of org.easymock.cglib.core.ReflectUtils$1
WARNING: Use --illegal-access=warn to enable warnings of further illegal reflective access operations
WARNING: All illegal access operations will be denied in a future release

Exception: java.lang.AssertionError thrown from the UncaughtExceptionHandler in thread "stream-thread-test-87bf53a8-54f2-485f-a4b6-acdbec0a8b3d-StreamThread-1"
WARNING: An illegal reflective access operation has occurred
WARNING: Illegal reflective access by org.easymock.cglib.core.ReflectUtils$1 (file:/Users/kekaiyao/.gradle/caches/modules-2/files-2.1/org.easymock/easymock/4.3/b0dbe2df1a71b8115835561f46a8f06cb168a94f/easymock-4.3.jar) to method java.lang.ClassLoader.defineClass(java.lang.String,byte[],int,int,java.security.ProtectionDomain)
WARNING: Please consider reporting this to the maintainers of org.easymock.cglib.core.ReflectUtils$1
WARNING: Use --illegal-access=warn to enable warnings of further illegal reflective access operations
WARNING: All illegal access operations will be denied in a future release

Exception: java.lang.AssertionError thrown from the UncaughtExceptionHandler in thread "stream-thread-test-87bf53a8-54f2-485f-a4b6-acdbec0a8b3d-StreamThread-1"

42460 tests completed, 143 failed, 110 skipped

FAILURE: Build failed with an exception.

* What went wrong:
Execution failed for task ':streams:nondexTest'.
> There were failing tests

* Try:
> Run with --stacktrace option to get the stack trace.
> Run with --info or --debug option to get more log output.
> Get more help at https://help.gradle.org.

BUILD FAILED in 8h 34m 58s
