
> Configure project :
Starting build with version 3.8.0-SNAPSHOT (commit id cd1eb634) using Gradle 8.5, Java 11 and Scala 2.13.12
Build properties: maxParallelForks=8, maxScalacThreads=8, maxTestRetries=0

> Task :examples:processResources NO-SOURCE
> Task :examples:processTestResources NO-SOURCE
> Task :clients:processResources UP-TO-DATE
> Task :clients:createVersionFile UP-TO-DATE
> Task :generator:compileJava UP-TO-DATE
> Task :generator:processResources NO-SOURCE
> Task :generator:classes UP-TO-DATE
> Task :generator:jar UP-TO-DATE
> Task :clients:processMessages UP-TO-DATE
> Task :clients:compileJava UP-TO-DATE
> Task :clients:classes UP-TO-DATE
> Task :examples:compileJava UP-TO-DATE
> Task :examples:classes UP-TO-DATE
> Task :examples:compileTestJava NO-SOURCE
> Task :examples:testClasses UP-TO-DATE
> Task :clients:shadowJar UP-TO-DATE
> Task :clients:jar SKIPPED
> Task :examples:nondexTest NO-SOURCE

Deprecated Gradle features were used in this build, making it incompatible with Gradle 9.0.

You can use '--warning-mode all' to show the individual deprecation warnings and determine if they come from your own scripts or plugins.

For more on this, please refer to https://docs.gradle.org/8.5/userguide/command_line_interface.html#sec:command_line_warnings in the Gradle documentation.

BUILD SUCCESSFUL in 964ms
8 actionable tasks: 8 up-to-date
