
> Configure project :
Starting build with version 3.8.0-SNAPSHOT (commit id cd1eb634) using Gradle 8.5, Java 11 and Scala 2.13.12
Build properties: maxParallelForks=8, maxScalacThreads=8, maxTestRetries=0

> Task :server-common:processResources NO-SOURCE
> Task :streams:processResources UP-TO-DATE
> Task :server-common:processTestResources UP-TO-DATE
> Task :metadata:processResources UP-TO-DATE
> Task :group-coordinator:processResources UP-TO-DATE
> Task :core:processResources UP-TO-DATE
> Task :raft:processResources UP-TO-DATE
> Task :raft:processTestResources UP-TO-DATE
> Task :server:processResources NO-SOURCE
> Task :group-coordinator:processTestResources UP-TO-DATE
> Task :metadata:processTestResources UP-TO-DATE
> Task :raft:createVersionFile UP-TO-DATE
> Task :server-common:createVersionFile UP-TO-DATE
> Task :streams:createStreamsVersionFile UP-TO-DATE
> Task :core:processTestResources UP-TO-DATE
> Task :storage:processResources UP-TO-DATE
> Task :storage:createVersionFile UP-TO-DATE
> Task :clients:processResources UP-TO-DATE
> Task :storage:storage-api:processResources NO-SOURCE
> Task :clients:createVersionFile UP-TO-DATE
> Task :tools:tools-api:processResources NO-SOURCE
> Task :server:processTestResources NO-SOURCE
> Task :tools:processResources NO-SOURCE
> Task :storage:storage-api:processTestResources NO-SOURCE
> Task :log4j-appender:processResources NO-SOURCE
> Task :storage:storage-api:createVersionFile UP-TO-DATE
> Task :tools:tools-api:createVersionFile UP-TO-DATE
> Task :server:createVersionFile UP-TO-DATE
> Task :streams:processTestResources UP-TO-DATE
> Task :connect:api:processResources UP-TO-DATE
> Task :clients:processTestResources UP-TO-DATE
> Task :connect:test-plugins:processResources UP-TO-DATE
> Task :streams:test-utils:processResources NO-SOURCE
> Task :connect:json:processResources UP-TO-DATE
> Task :connect:runtime:processResources UP-TO-DATE
> Task :connect:transforms:processResources UP-TO-DATE
> Task :connect:runtime:processTestResources UP-TO-DATE
> Task :generator:compileJava UP-TO-DATE
> Task :generator:processResources NO-SOURCE
> Task :generator:classes UP-TO-DATE
> Task :generator:jar UP-TO-DATE
> Task :streams:processMessages UP-TO-DATE
> Task :core:processMessages UP-TO-DATE
> Task :group-coordinator:processMessages UP-TO-DATE
> Task :storage:processMessages UP-TO-DATE
> Task :metadata:processMessages UP-TO-DATE
> Task :clients:processMessages UP-TO-DATE
> Task :raft:processMessages UP-TO-DATE
> Task :clients:compileJava UP-TO-DATE
> Task :clients:classes UP-TO-DATE
> Task :tools:tools-api:compileJava UP-TO-DATE
> Task :tools:tools-api:classes UP-TO-DATE
> Task :tools:tools-api:jar UP-TO-DATE
> Task :connect:api:compileJava UP-TO-DATE
> Task :streams:compileJava UP-TO-DATE
> Task :streams:classes UP-TO-DATE
> Task :connect:api:classes UP-TO-DATE
> Task :log4j-appender:compileJava UP-TO-DATE
> Task :server-common:compileJava UP-TO-DATE
> Task :server-common:classes UP-TO-DATE
> Task :connect:transforms:compileJava UP-TO-DATE
> Task :log4j-appender:classes UP-TO-DATE
> Task :connect:json:compileJava UP-TO-DATE
> Task :raft:compileJava UP-TO-DATE
> Task :streams:test-utils:compileJava UP-TO-DATE
> Task :server:compileJava UP-TO-DATE
> Task :clients:shadowJar UP-TO-DATE
> Task :clients:jar SKIPPED
> Task :raft:classes UP-TO-DATE
> Task :log4j-appender:jar UP-TO-DATE
> Task :server:classes UP-TO-DATE
> Task :clients:processTestMessages UP-TO-DATE
> Task :storage:storage-api:compileJava UP-TO-DATE
> Task :streams:copyDependantLibs UP-TO-DATE
> Task :server-common:jar UP-TO-DATE
> Task :storage:storage-api:classes UP-TO-DATE
> Task :raft:jar UP-TO-DATE
> Task :connect:json:classes UP-TO-DATE
> Task :server:jar UP-TO-DATE
> Task :connect:transforms:classes UP-TO-DATE
> Task :streams:test-utils:classes UP-TO-DATE
> Task :storage:storage-api:jar UP-TO-DATE
> Task :connect:test-plugins:compileJava UP-TO-DATE
> Task :streams:jar UP-TO-DATE
> Task :connect:test-plugins:classes UP-TO-DATE
> Task :streams:test-utils:copyDependantLibs UP-TO-DATE
> Task :streams:test-utils:jar UP-TO-DATE
> Task :connect:test-plugins:jar UP-TO-DATE
> Task :storage:compileJava UP-TO-DATE
> Task :storage:classes UP-TO-DATE
> Task :metadata:compileJava UP-TO-DATE
> Task :metadata:classes UP-TO-DATE
> Task :storage:jar UP-TO-DATE
> Task :metadata:jar UP-TO-DATE
> Task :group-coordinator:compileJava UP-TO-DATE
> Task :group-coordinator:classes UP-TO-DATE
> Task :core:compileJava NO-SOURCE
> Task :group-coordinator:jar UP-TO-DATE
> Task :clients:compileTestJava UP-TO-DATE
> Task :clients:testClasses UP-TO-DATE
> Task :storage:storage-api:compileTestJava UP-TO-DATE
> Task :storage:storage-api:testClasses UP-TO-DATE
> Task :server:compileTestJava UP-TO-DATE
> Task :server:testClasses UP-TO-DATE
> Task :server-common:compileTestJava UP-TO-DATE
> Task :server-common:testClasses UP-TO-DATE
> Task :group-coordinator:compileTestJava UP-TO-DATE
> Task :group-coordinator:testClasses UP-TO-DATE
> Task :raft:compileTestJava UP-TO-DATE
> Task :raft:testClasses UP-TO-DATE
> Task :metadata:compileTestJava UP-TO-DATE
> Task :metadata:testClasses UP-TO-DATE
> Task :connect:api:copyDependantLibs UP-TO-DATE
> Task :connect:api:jar UP-TO-DATE
> Task :connect:transforms:copyDependantLibs UP-TO-DATE
> Task :connect:json:copyDependantLibs UP-TO-DATE
> Task :connect:runtime:compileJava UP-TO-DATE
> Task :connect:runtime:classes UP-TO-DATE
> Task :connect:transforms:jar UP-TO-DATE
> Task :connect:json:jar UP-TO-DATE
> Task :tools:compileJava UP-TO-DATE
> Task :tools:classes UP-TO-DATE
> Task :core:compileScala UP-TO-DATE
> Task :core:classes UP-TO-DATE
> Task :core:compileTestJava NO-SOURCE
> Task :core:compileTestScala UP-TO-DATE
> Task :core:copyDependantLibs UP-TO-DATE
> Task :core:jar UP-TO-DATE
> Task :core:testClasses UP-TO-DATE
> Task :connect:runtime:compileTestJava UP-TO-DATE
> Task :streams:compileTestJava UP-TO-DATE
> Task :streams:testClasses UP-TO-DATE
> Task :connect:runtime:copyDependantLibs UP-TO-DATE
> Task :connect:runtime:jar UP-TO-DATE
> Task :connect:runtime:testClasses UP-TO-DATE
> Task :tools:copyDependantLibs UP-TO-DATE
> Task :tools:jar UP-TO-DATE

> Task :streams:nondexTest
INFO: The original argline is: [-Xss4m, -XX:+UseParallelGC, -Xmx2g, -Dfile.encoding=UTF-8, -Duser.country=CN, -Duser.language=zh, -Duser.variant, -ea]
CONFIG: nondexFilter=.*
nondexMode=FULL
nondexSeed=933178
nondexStart=0
nondexEnd=9223372036854775807
nondexPrintstack=false
nondexDir=/Users/kekaiyao/Desktop/ID-HtF/github.com/apache/kafka/streams/.nondex
nondexJarDir=.nondex
nondexExecid=clean_dnci5bPNMhBTf3qS2Nyzpe5UR2pKys8hygQJ0xkc0LA=
nondexLogging=CONFIG
test=

org.apache.kafka.streams.integration.ForeignKeyJoinSuite > org.apache.kafka.common.utils.BytesTest.initializationError FAILED
    org.junit.runners.model.InvalidTestClassError at ParentRunner.java:525

org.apache.kafka.streams.integration.ForeignKeyJoinSuite > org.apache.kafka.streams.integration.KTableKTableForeignKeyInnerJoinMultiIntegrationTest.initializationError FAILED
    org.junit.runners.model.InvalidTestClassError at ParentRunner.java:525

org.apache.kafka.streams.integration.StoreQuerySuite > org.apache.kafka.streams.integration.QueryableStateIntegrationTest.initializationError FAILED
    org.junit.runners.model.InvalidTestClassError at ParentRunner.java:525


> Task :streams:nondexTest

org.apache.kafka.streams.processor.internals.TaskSuite > org.apache.kafka.streams.integration.StandbyTaskCreationIntegrationTest.initializationError FAILED
    org.junit.runners.model.InvalidTestClassError at ParentRunner.java:525
+++Results: FAILURE 8492,8466,4,22
+++Results: FAILURE 8492,8466,4,22
CONFIG: nondexFilter=.*
nondexMode=FULL
nondexSeed=933178
nondexStart=0
nondexEnd=9223372036854775807
nondexPrintstack=false
nondexDir=/Users/kekaiyao/Desktop/ID-HtF/github.com/apache/kafka/streams/.nondex
nondexJarDir=/Users/kekaiyao/Desktop/ID-HtF/github.com/apache/kafka/streams/.nondex
nondexExecid=mm1RmNbtzLM0A3TSaQJlxJfxLvoKU96hvTS1vfv90=
nondexLogging=CONFIG
test=

org.apache.kafka.streams.KafkaStreamsTest > shouldThrowTimeoutExceptionWhenThreadProducerFutureDoesNotComplete FAILED
    java.lang.AssertionError at KafkaStreamsTest.java:1442
        Caused by: java.lang.NullPointerException at KafkaStreamsTest.java:1444

org.apache.kafka.streams.TopologyTest > streamStreamLeftJoinTopologyWithCustomStoresSuppliers FAILED
    org.junit.ComparisonFailure at TopologyTest.java:983

org.apache.kafka.streams.TopologyTest > streamStreamLeftJoinTopologyWithDefaultStoresNames FAILED
    org.junit.ComparisonFailure at TopologyTest.java:886

org.apache.kafka.streams.TopologyTest > streamStreamLeftJoinTopologyWithCustomStoresNames FAILED
    org.junit.ComparisonFailure at TopologyTest.java:929

org.apache.kafka.streams.integration.ForeignKeyJoinSuite > org.apache.kafka.common.utils.BytesTest.initializationError FAILED
    org.junit.runners.model.InvalidTestClassError at ParentRunner.java:525

org.apache.kafka.streams.integration.ForeignKeyJoinSuite > org.apache.kafka.streams.integration.KTableKTableForeignKeyInnerJoinMultiIntegrationTest.initializationError FAILED
    org.junit.runners.model.InvalidTestClassError at ParentRunner.java:525

org.apache.kafka.streams.integration.StoreQuerySuite > org.apache.kafka.streams.integration.QueryableStateIntegrationTest.initializationError FAILED
    org.junit.runners.model.InvalidTestClassError at ParentRunner.java:525

org.apache.kafka.streams.kstream.RepartitionTopicNamingTest > shouldReuseFirstRepartitionTopicNameWhenOptimizing FAILED
    java.lang.AssertionError at RepartitionTopicNamingTest.java:65

org.apache.kafka.streams.kstream.internals.CogroupedKStreamImplTest > shouldInsertRepartitionsTopicForUpstreamKeyModificationWithGroupedReusedInDifferentCogroupsWithOptimization FAILED
    java.lang.AssertionError at CogroupedKStreamImplTest.java:560

org.apache.kafka.streams.kstream.internals.CogroupedKStreamImplTest > shouldInsertRepartitionsTopicForUpstreamKeyModificationWithGroupedReusedInSameCogroupsWithOptimization FAILED
    java.lang.AssertionError at CogroupedKStreamImplTest.java:415

org.apache.kafka.streams.kstream.internals.CogroupedKStreamImplTest > shouldInsertRepartitionsTopicForUpstreamKeyModificationWithGroupedRemadeWithOptimization FAILED
    java.lang.AssertionError at CogroupedKStreamImplTest.java:742

org.apache.kafka.streams.kstream.internals.CogroupedKStreamImplTest > shouldInsertRepartitionsTopicForUpstreamKeyModificationWithGroupedReusedInSameCogroups FAILED
    java.lang.AssertionError at CogroupedKStreamImplTest.java:332

org.apache.kafka.streams.kstream.internals.InternalStreamsBuilderTest > shouldHaveCorrectSourceTopicsForTableFromMergedStream FAILED
    java.lang.AssertionError at InternalStreamsBuilderTest.java:131

org.apache.kafka.streams.kstream.internals.graph.StreamsGraphTest > shouldNotThrowNPEWithMergeNodes FAILED
    org.junit.ComparisonFailure at StreamsGraphTest.java:184

org.apache.kafka.streams.kstream.internals.graph.StreamsGraphTest > shouldNotOptimizeWhenRepartitionOperationIsDone FAILED
    org.junit.ComparisonFailure at StreamsGraphTest.java:238

org.apache.kafka.streams.kstream.internals.graph.StreamsGraphTest > shouldNotOptimizeWithValueOrKeyChangingOperatorsAfterInitialKeyChange FAILED
    org.junit.ComparisonFailure at StreamsGraphTest.java:193

org.apache.kafka.streams.kstream.internals.graph.StreamsGraphTest > shouldOptimizeSeveralMergeNodesWithCommonKeyChangingParent FAILED
    org.junit.ComparisonFailure at StreamsGraphTest.java:230

org.apache.kafka.streams.kstream.internals.suppress.SuppressSuite > org.apache.kafka.streams.state.internals.TimeOrderedKeyValueBufferTest.shouldFlush[0: test=in-memory buffer] FAILED
    java.lang.AssertionError at TimeOrderedKeyValueBufferTest.java:338

org.apache.kafka.streams.processor.internals.ProcessorTopologyTest > shouldCreateStringWithMultipleSourcesAndTopics FAILED
    java.lang.AssertionError at ProcessorTopologyTest.java:1376

org.apache.kafka.streams.processor.internals.ProcessorTopologyTest > shouldCreateStringWithSourceAndTopics FAILED
    java.lang.AssertionError at ProcessorTopologyTest.java:1367

org.apache.kafka.streams.processor.internals.RepartitionOptimizingTest > shouldSendCorrectRecords_OPTIMIZED FAILED
    org.junit.ComparisonFailure at RepartitionOptimizingTest.java:207

org.apache.kafka.streams.processor.internals.RepartitionOptimizingTest > shouldSendCorrectResults_NO_OPTIMIZATION FAILED
    org.junit.ComparisonFailure at RepartitionOptimizingTest.java:209


> Task :streams:nondexTest

org.apache.kafka.streams.processor.internals.StreamTaskTest > shouldThrowTopologyExceptionIfTaskCreatedForUnknownTopic FAILED
    java.lang.AssertionError at StreamTaskTest.java:2521

org.apache.kafka.streams.processor.internals.TaskManagerTest > shouldRethrowTaskCorruptedExceptionFromInitialization FAILED
    org.junit.ComparisonFailure at TaskManagerTest.java:1752

org.apache.kafka.streams.processor.internals.TaskManagerTest > shouldRethrowTaskCorruptedExceptionFromStateUpdater FAILED
    org.junit.ComparisonFailure at TaskManagerTest.java:1723

org.apache.kafka.streams.processor.internals.TaskSuite > org.apache.kafka.streams.processor.internals.StreamTaskTest.shouldCommitNextOffsetAndProcessorMetadataFromQueueIfAvailable FAILED
    java.lang.AssertionError at StreamTaskTest.java:1262

org.apache.kafka.streams.processor.internals.TaskSuite > org.apache.kafka.streams.processor.internals.StreamTaskTest.shouldThrowTopologyExceptionIfTaskCreatedForUnknownTopic FAILED
    java.lang.AssertionError at StreamTaskTest.java:2521

org.apache.kafka.streams.processor.internals.TaskSuite > org.apache.kafka.streams.processor.internals.TaskManagerTest.shouldRethrowTaskCorruptedExceptionFromStateUpdater FAILED
    org.junit.ComparisonFailure at TaskManagerTest.java:1723

org.apache.kafka.streams.processor.internals.TaskSuite > org.apache.kafka.streams.processor.internals.assignment.StickyTaskAssignorTest.shouldOptimizeStatefulAndStatelessTaskTraffic[rackAwareStrategy=none] FAILED
    java.lang.AssertionError at StickyTaskAssignorTest.java:890

org.apache.kafka.streams.processor.internals.TaskSuite > org.apache.kafka.streams.processor.internals.assignment.StickyTaskAssignorTest.shouldOptimizeStatefulAndStatelessTaskTraffic[rackAwareStrategy=min_traffic] FAILED
    java.lang.AssertionError at StickyTaskAssignorTest.java:873

org.apache.kafka.streams.processor.internals.TaskSuite > org.apache.kafka.streams.processor.internals.assignment.StickyTaskAssignorTest.shouldRemainOriginalAssignmentWithoutTrafficCostForMinCostStrategy[rackAwareStrategy=min_traffic] FAILED
    java.lang.AssertionError at StickyTaskAssignorTest.java:1059

org.apache.kafka.streams.processor.internals.TaskSuite > org.apache.kafka.streams.integration.StandbyTaskCreationIntegrationTest.initializationError FAILED
    org.junit.runners.model.InvalidTestClassError at ParentRunner.java:525

org.apache.kafka.streams.processor.internals.assignment.ClientTagAwareStandbyTaskAssignorTest > shouldDistributeStandbyTasksWhenActiveTasksAreLocatedOnSameCluster FAILED
    java.lang.AssertionError at ClientTagAwareStandbyTaskAssignorTest.java:504

org.apache.kafka.streams.processor.internals.assignment.StickyTaskAssignorTest > shouldOptimizeStatefulAndStatelessTaskTraffic[rackAwareStrategy=none] FAILED
    java.lang.AssertionError at StickyTaskAssignorTest.java:890

org.apache.kafka.streams.processor.internals.assignment.StickyTaskAssignorTest > shouldOptimizeStatefulAndStatelessTaskTraffic[rackAwareStrategy=min_traffic] FAILED
    java.lang.AssertionError at StickyTaskAssignorTest.java:873

org.apache.kafka.streams.processor.internals.assignment.StickyTaskAssignorTest > shouldRemainOriginalAssignmentWithoutTrafficCostForMinCostStrategy[rackAwareStrategy=min_traffic] FAILED
    java.lang.AssertionError at StickyTaskAssignorTest.java:1059

org.apache.kafka.streams.processor.internals.assignment.StickyTaskAssignorTest > shouldOptimizeStatefulAndStatelessTaskTraffic[rackAwareStrategy=balance_subtopology] FAILED
    java.lang.AssertionError at StickyTaskAssignorTest.java:880

org.apache.kafka.streams.state.internals.TimeOrderedKeyValueBufferTest > shouldFlush[0: test=in-memory buffer] FAILED
    java.lang.AssertionError at TimeOrderedKeyValueBufferTest.java:338
CONFIG: nondexFilter=.*
nondexMode=FULL
nondexSeed=974622
nondexStart=0
nondexEnd=9223372036854775807
nondexPrintstack=false
nondexDir=/Users/kekaiyao/Desktop/ID-HtF/github.com/apache/kafka/streams/.nondex
nondexJarDir=/Users/kekaiyao/Desktop/ID-HtF/github.com/apache/kafka/streams/.nondex
nondexExecid=+kzJPi9+mH+Vn0scqYKRsHEKqf3pGBiN7PEfyOl97n4=
nondexLogging=CONFIG
test=

org.apache.kafka.streams.TopologyTest > streamStreamOuterJoinTopologyWithDefaultStoresNames FAILED
    org.junit.ComparisonFailure at TopologyTest.java:1025

org.apache.kafka.streams.TopologyTest > streamStreamLeftJoinTopologyWithCustomStoresSuppliers FAILED
    org.junit.ComparisonFailure at TopologyTest.java:983

org.apache.kafka.streams.TopologyTest > streamStreamOuterJoinTopologyWithCustomStoresNames FAILED
    org.junit.ComparisonFailure at TopologyTest.java:1068

org.apache.kafka.streams.TopologyTest > streamStreamOuterJoinTopologyWithCustomStoresSuppliers FAILED
    org.junit.ComparisonFailure at TopologyTest.java:1122

org.apache.kafka.streams.TopologyTest > streamStreamLeftJoinTopologyWithCustomStoresNames FAILED
    org.junit.ComparisonFailure at TopologyTest.java:929

org.apache.kafka.streams.integration.ForeignKeyJoinSuite > org.apache.kafka.common.utils.BytesTest.initializationError FAILED
    org.junit.runners.model.InvalidTestClassError at ParentRunner.java:525

org.apache.kafka.streams.integration.ForeignKeyJoinSuite > org.apache.kafka.streams.integration.KTableKTableForeignKeyInnerJoinMultiIntegrationTest.initializationError FAILED
    org.junit.runners.model.InvalidTestClassError at ParentRunner.java:525

org.apache.kafka.streams.integration.StoreQuerySuite > org.apache.kafka.streams.integration.QueryableStateIntegrationTest.initializationError FAILED
    org.junit.runners.model.InvalidTestClassError at ParentRunner.java:525

org.apache.kafka.streams.kstream.RepartitionTopicNamingTest > shouldReuseFirstRepartitionTopicNameWhenOptimizing FAILED
    java.lang.AssertionError at RepartitionTopicNamingTest.java:65

org.apache.kafka.streams.kstream.internals.CogroupedKStreamImplTest > shouldInsertRepartitionsTopicForUpstreamKeyModificationWithGroupedReusedInSameCogroupsWithOptimization FAILED
    java.lang.AssertionError at CogroupedKStreamImplTest.java:415

org.apache.kafka.streams.kstream.internals.CogroupedKStreamImplTest > shouldInsertRepartitionsTopicForUpstreamKeyModificationWithGroupedReusedInSameCogroups FAILED
    java.lang.AssertionError at CogroupedKStreamImplTest.java:332

org.apache.kafka.streams.kstream.internals.InternalStreamsBuilderTest > shouldHaveCorrectSourceTopicsForTableFromMergedStream FAILED
    java.lang.AssertionError at InternalStreamsBuilderTest.java:131

org.apache.kafka.streams.kstream.internals.KStreamKStreamJoinTest > shouldReuseRepartitionTopicWithGeneratedName FAILED
    org.junit.ComparisonFailure at KStreamKStreamJoinTest.java:147

org.apache.kafka.streams.kstream.internals.KStreamKStreamJoinTest > shouldCreateRepartitionTopicsWithUserProvidedName FAILED
    org.junit.ComparisonFailure at KStreamKStreamJoinTest.java:164

org.apache.kafka.streams.kstream.internals.graph.StreamsGraphTest > shouldNotOptimizeWhenAThroughOperationIsDone FAILED
    org.junit.ComparisonFailure at StreamsGraphTest.java:205

org.apache.kafka.streams.kstream.internals.suppress.SuppressSuite > org.apache.kafka.streams.state.internals.TimeOrderedKeyValueBufferTest.shouldFlush[0: test=in-memory buffer] FAILED
    java.lang.AssertionError at TimeOrderedKeyValueBufferTest.java:338

org.apache.kafka.streams.processor.internals.ProcessorTopologyTest > shouldCreateStringWithSourceAndTopics FAILED
    java.lang.AssertionError at ProcessorTopologyTest.java:1367

org.apache.kafka.streams.processor.internals.RepartitionOptimizingTest > shouldSendCorrectRecords_OPTIMIZED FAILED
    org.junit.ComparisonFailure at RepartitionOptimizingTest.java:207

org.apache.kafka.streams.processor.internals.RepartitionOptimizingTest > shouldSendCorrectResults_NO_OPTIMIZATION FAILED
    org.junit.ComparisonFailure at RepartitionOptimizingTest.java:209


> Task :streams:nondexTest

org.apache.kafka.streams.processor.internals.TaskSuite > org.apache.kafka.streams.processor.internals.StreamTaskTest.shouldCommitNextOffsetAndProcessorMetadataFromQueueIfAvailable FAILED
    java.lang.AssertionError at StreamTaskTest.java:1262

org.apache.kafka.streams.processor.internals.TaskSuite > org.apache.kafka.streams.processor.internals.StreamTaskTest.shouldThrowTopologyExceptionIfTaskCreatedForUnknownTopic FAILED
    java.lang.AssertionError at StreamTaskTest.java:2521

org.apache.kafka.streams.processor.internals.TaskSuite > org.apache.kafka.streams.processor.internals.TaskManagerTest.shouldRethrowTaskCorruptedExceptionFromInitialization FAILED
    org.junit.ComparisonFailure at TaskManagerTest.java:1752

org.apache.kafka.streams.processor.internals.TaskSuite > org.apache.kafka.streams.processor.internals.assignment.StickyTaskAssignorTest.shouldOptimizeStatefulAndStatelessTaskTraffic[rackAwareStrategy=none] FAILED
    java.lang.AssertionError at StickyTaskAssignorTest.java:890

org.apache.kafka.streams.processor.internals.TaskSuite > org.apache.kafka.streams.processor.internals.assignment.StickyTaskAssignorTest.shouldOptimizeStatefulAndStatelessTaskTraffic[rackAwareStrategy=min_traffic] FAILED
    java.lang.AssertionError at StickyTaskAssignorTest.java:874

org.apache.kafka.streams.processor.internals.TaskSuite > org.apache.kafka.streams.processor.internals.assignment.StickyTaskAssignorTest.shouldRemainOriginalAssignmentWithoutTrafficCostForMinCostStrategy[rackAwareStrategy=min_traffic] FAILED
    java.lang.AssertionError at StickyTaskAssignorTest.java:1059

org.apache.kafka.streams.processor.internals.TaskSuite > org.apache.kafka.streams.processor.internals.assignment.StickyTaskAssignorTest.shouldOptimizeStatefulAndStatelessTaskTraffic[rackAwareStrategy=balance_subtopology] FAILED
    java.lang.AssertionError at StickyTaskAssignorTest.java:880

org.apache.kafka.streams.processor.internals.TaskSuite > org.apache.kafka.streams.integration.StandbyTaskCreationIntegrationTest.initializationError FAILED
    org.junit.runners.model.InvalidTestClassError at ParentRunner.java:525

org.apache.kafka.streams.processor.internals.assignment.StickyTaskAssignorTest > shouldOptimizeStatefulAndStatelessTaskTraffic[rackAwareStrategy=none] FAILED
    java.lang.AssertionError at StickyTaskAssignorTest.java:890

org.apache.kafka.streams.processor.internals.assignment.StickyTaskAssignorTest > shouldOptimizeStatefulAndStatelessTaskTraffic[rackAwareStrategy=min_traffic] FAILED
    java.lang.AssertionError at StickyTaskAssignorTest.java:874

org.apache.kafka.streams.processor.internals.assignment.StickyTaskAssignorTest > shouldRemainOriginalAssignmentWithoutTrafficCostForMinCostStrategy[rackAwareStrategy=min_traffic] FAILED
    java.lang.AssertionError at StickyTaskAssignorTest.java:1059

org.apache.kafka.streams.processor.internals.assignment.StickyTaskAssignorTest > shouldOptimizeStatefulAndStatelessTaskTraffic[rackAwareStrategy=balance_subtopology] FAILED
    java.lang.AssertionError at StickyTaskAssignorTest.java:880

org.apache.kafka.streams.state.internals.TimeOrderedKeyValueBufferTest > shouldFlush[0: test=in-memory buffer] FAILED
    java.lang.AssertionError at TimeOrderedKeyValueBufferTest.java:338
CONFIG: nondexFilter=.*
nondexMode=FULL
nondexSeed=1016066
nondexStart=0
nondexEnd=9223372036854775807
nondexPrintstack=false
nondexDir=/Users/kekaiyao/Desktop/ID-HtF/github.com/apache/kafka/streams/.nondex
nondexJarDir=/Users/kekaiyao/Desktop/ID-HtF/github.com/apache/kafka/streams/.nondex
nondexExecid=pKAEIEtOqHPU4bVY6v0koFQcT5ED+KCn9x2jMGQstH0=
nondexLogging=CONFIG
test=

org.apache.kafka.streams.TopologyTest > streamStreamOuterJoinTopologyWithCustomStoresNames FAILED
    org.junit.ComparisonFailure at TopologyTest.java:1068

org.apache.kafka.streams.TopologyTest > streamStreamOuterJoinTopologyWithCustomStoresSuppliers FAILED
    org.junit.ComparisonFailure at TopologyTest.java:1122

org.apache.kafka.streams.TopologyTest > streamStreamLeftJoinTopologyWithCustomStoresNames FAILED
    org.junit.ComparisonFailure at TopologyTest.java:929

org.apache.kafka.streams.integration.ForeignKeyJoinSuite > org.apache.kafka.common.utils.BytesTest.initializationError FAILED
    org.junit.runners.model.InvalidTestClassError at ParentRunner.java:525

org.apache.kafka.streams.integration.ForeignKeyJoinSuite > org.apache.kafka.streams.integration.KTableKTableForeignKeyInnerJoinMultiIntegrationTest.initializationError FAILED
    org.junit.runners.model.InvalidTestClassError at ParentRunner.java:525

org.apache.kafka.streams.integration.StoreQuerySuite > org.apache.kafka.streams.integration.QueryableStateIntegrationTest.initializationError FAILED
    org.junit.runners.model.InvalidTestClassError at ParentRunner.java:525

org.apache.kafka.streams.kstream.RepartitionTopicNamingTest > shouldReuseFirstRepartitionTopicNameWhenOptimizing FAILED
    java.lang.AssertionError at RepartitionTopicNamingTest.java:65

org.apache.kafka.streams.kstream.internals.CogroupedKStreamImplTest > shouldInsertRepartitionsTopicForUpstreamKeyModificationWithGroupedReusedInSameCogroups FAILED
    java.lang.AssertionError at CogroupedKStreamImplTest.java:332

org.apache.kafka.streams.kstream.internals.CogroupedKStreamImplTest > shouldInsertRepartitionsTopicForUpstreamKeyModificationWithGroupedReused FAILED
    java.lang.AssertionError at CogroupedKStreamImplTest.java:619

org.apache.kafka.streams.kstream.internals.InternalStreamsBuilderTest > shouldHaveCorrectSourceTopicsForTableFromMergedStream FAILED
    java.lang.AssertionError at InternalStreamsBuilderTest.java:131

org.apache.kafka.streams.kstream.internals.KStreamKStreamJoinTest > shouldCreateRepartitionTopicsWithUserProvidedName FAILED
    org.junit.ComparisonFailure at KStreamKStreamJoinTest.java:164

org.apache.kafka.streams.kstream.internals.KStreamKTableJoinTest > shouldReuseRepartitionTopicWithGeneratedName FAILED
    org.junit.ComparisonFailure at KStreamKTableJoinTest.java:307

org.apache.kafka.streams.kstream.internals.KStreamKTableJoinTest > shouldCreateRepartitionTopicsWithUserProvidedName FAILED
    org.junit.ComparisonFailure at KStreamKTableJoinTest.java:324

org.apache.kafka.streams.kstream.internals.graph.StreamsGraphTest > shouldNotThrowNPEWithMergeNodes FAILED
    org.junit.ComparisonFailure at StreamsGraphTest.java:184

org.apache.kafka.streams.kstream.internals.suppress.SuppressSuite > org.apache.kafka.streams.state.internals.TimeOrderedKeyValueBufferTest.shouldFlush[0: test=in-memory buffer] FAILED
    java.lang.AssertionError at TimeOrderedKeyValueBufferTest.java:338

org.apache.kafka.streams.processor.internals.ProcessorTopologyTest > shouldCreateStringWithMultipleSourcesAndTopics FAILED
    java.lang.AssertionError at ProcessorTopologyTest.java:1376

org.apache.kafka.streams.processor.internals.RepartitionOptimizingTest > shouldSendCorrectRecords_OPTIMIZED FAILED
    org.junit.ComparisonFailure at RepartitionOptimizingTest.java:207

org.apache.kafka.streams.processor.internals.RepartitionOptimizingTest > shouldSendCorrectResults_NO_OPTIMIZATION FAILED
    org.junit.ComparisonFailure at RepartitionOptimizingTest.java:209


> Task :streams:nondexTest

org.apache.kafka.streams.processor.internals.TaskManagerTest > shouldRethrowTaskCorruptedExceptionFromStateUpdater FAILED
    org.junit.ComparisonFailure at TaskManagerTest.java:1723

org.apache.kafka.streams.processor.internals.TaskSuite > org.apache.kafka.streams.processor.internals.StreamTaskTest.shouldThrowTopologyExceptionIfTaskCreatedForUnknownTopic FAILED
    java.lang.AssertionError at StreamTaskTest.java:2521

org.apache.kafka.streams.processor.internals.TaskSuite > org.apache.kafka.streams.processor.internals.TaskManagerTest.shouldRethrowTaskCorruptedExceptionFromInitialization FAILED
    org.junit.ComparisonFailure at TaskManagerTest.java:1752

org.apache.kafka.streams.processor.internals.TaskSuite > org.apache.kafka.streams.processor.internals.TaskManagerTest.shouldRethrowTaskCorruptedExceptionFromStateUpdater FAILED
    org.junit.ComparisonFailure at TaskManagerTest.java:1723

org.apache.kafka.streams.processor.internals.TaskSuite > org.apache.kafka.streams.processor.internals.assignment.StickyTaskAssignorTest.shouldOptimizeStatefulAndStatelessTaskTraffic[rackAwareStrategy=none] FAILED
    java.lang.AssertionError at StickyTaskAssignorTest.java:890

org.apache.kafka.streams.processor.internals.TaskSuite > org.apache.kafka.streams.processor.internals.assignment.StickyTaskAssignorTest.shouldOptimizeStatefulAndStatelessTaskTraffic[rackAwareStrategy=min_traffic] FAILED
    java.lang.AssertionError at StickyTaskAssignorTest.java:873

org.apache.kafka.streams.processor.internals.TaskSuite > org.apache.kafka.streams.processor.internals.assignment.StickyTaskAssignorTest.shouldRemainOriginalAssignmentWithoutTrafficCostForMinCostStrategy[rackAwareStrategy=min_traffic] FAILED
    java.lang.AssertionError at StickyTaskAssignorTest.java:1060

org.apache.kafka.streams.processor.internals.TaskSuite > org.apache.kafka.streams.processor.internals.assignment.StickyTaskAssignorTest.shouldOptimizeStatefulAndStatelessTaskTraffic[rackAwareStrategy=balance_subtopology] FAILED
    java.lang.AssertionError at StickyTaskAssignorTest.java:881

org.apache.kafka.streams.processor.internals.TaskSuite > org.apache.kafka.streams.integration.StandbyTaskCreationIntegrationTest.initializationError FAILED
    org.junit.runners.model.InvalidTestClassError at ParentRunner.java:525

org.apache.kafka.streams.processor.internals.assignment.ClientTagAwareStandbyTaskAssignorTest > shouldDistributeClientsOnDifferentZoneTagsEvenWhenClientsReachedCapacity FAILED
    java.lang.AssertionError at ClientTagAwareStandbyTaskAssignorTest.java:801

org.apache.kafka.streams.processor.internals.assignment.StickyTaskAssignorTest > shouldOptimizeStatefulAndStatelessTaskTraffic[rackAwareStrategy=none] FAILED
    java.lang.AssertionError at StickyTaskAssignorTest.java:890

org.apache.kafka.streams.processor.internals.assignment.StickyTaskAssignorTest > shouldOptimizeStatefulAndStatelessTaskTraffic[rackAwareStrategy=min_traffic] FAILED
    java.lang.AssertionError at StickyTaskAssignorTest.java:874

org.apache.kafka.streams.processor.internals.assignment.StickyTaskAssignorTest > shouldRemainOriginalAssignmentWithoutTrafficCostForMinCostStrategy[rackAwareStrategy=min_traffic] FAILED
    java.lang.AssertionError at StickyTaskAssignorTest.java:1060

org.apache.kafka.streams.processor.internals.assignment.StickyTaskAssignorTest > shouldOptimizeStatefulAndStatelessTaskTraffic[rackAwareStrategy=balance_subtopology] FAILED
    java.lang.AssertionError at StickyTaskAssignorTest.java:881

org.apache.kafka.streams.state.internals.TimeOrderedKeyValueBufferTest > shouldFlush[0: test=in-memory buffer] FAILED
    java.lang.AssertionError at TimeOrderedKeyValueBufferTest.java:338
CONFIG: nondexFilter=.*
nondexMode=FULL
nondexSeed=1057510
nondexStart=0
nondexEnd=9223372036854775807
nondexPrintstack=false
nondexDir=/Users/kekaiyao/Desktop/ID-HtF/github.com/apache/kafka/streams/.nondex
nondexJarDir=/Users/kekaiyao/Desktop/ID-HtF/github.com/apache/kafka/streams/.nondex
nondexExecid=pMjwtudSoOR0lxKx2xJGObSfMmMUBoWSqjznPJyqMBc=
nondexLogging=CONFIG
test=

org.apache.kafka.streams.KafkaStreamsTest > shouldThrowTimeoutExceptionWhenThreadProducerFutureDoesNotComplete FAILED
    java.lang.AssertionError at KafkaStreamsTest.java:1442
        Caused by: java.lang.NullPointerException at KafkaStreamsTest.java:1444

org.apache.kafka.streams.TopologyTest > streamStreamOuterJoinTopologyWithDefaultStoresNames FAILED
    org.junit.ComparisonFailure at TopologyTest.java:1025

org.apache.kafka.streams.TopologyTest > streamStreamLeftJoinTopologyWithCustomStoresSuppliers FAILED
    org.junit.ComparisonFailure at TopologyTest.java:983

org.apache.kafka.streams.TopologyTest > streamStreamOuterJoinTopologyWithCustomStoresNames FAILED
    org.junit.ComparisonFailure at TopologyTest.java:1068

org.apache.kafka.streams.TopologyTest > streamStreamLeftJoinTopologyWithDefaultStoresNames FAILED
    org.junit.ComparisonFailure at TopologyTest.java:886

org.apache.kafka.streams.TopologyTest > streamStreamOuterJoinTopologyWithCustomStoresSuppliers FAILED
    org.junit.ComparisonFailure at TopologyTest.java:1122

org.apache.kafka.streams.TopologyTest > streamStreamLeftJoinTopologyWithCustomStoresNames FAILED
    org.junit.ComparisonFailure at TopologyTest.java:929

org.apache.kafka.streams.integration.ForeignKeyJoinSuite > org.apache.kafka.common.utils.BytesTest.initializationError FAILED
    org.junit.runners.model.InvalidTestClassError at ParentRunner.java:525

org.apache.kafka.streams.integration.ForeignKeyJoinSuite > org.apache.kafka.streams.integration.KTableKTableForeignKeyInnerJoinMultiIntegrationTest.initializationError FAILED
    org.junit.runners.model.InvalidTestClassError at ParentRunner.java:525

org.apache.kafka.streams.integration.StoreQuerySuite > org.apache.kafka.streams.integration.QueryableStateIntegrationTest.initializationError FAILED
    org.junit.runners.model.InvalidTestClassError at ParentRunner.java:525

org.apache.kafka.streams.kstream.RepartitionTopicNamingTest > shouldReuseFirstRepartitionTopicNameWhenOptimizing FAILED
    java.lang.AssertionError at RepartitionTopicNamingTest.java:65

org.apache.kafka.streams.kstream.internals.CogroupedKStreamImplTest > shouldInsertRepartitionsTopicForUpstreamKeyModificationWithGroupedReusedInSameCogroupsWithOptimization FAILED
    java.lang.AssertionError at CogroupedKStreamImplTest.java:415

org.apache.kafka.streams.kstream.internals.CogroupedKStreamImplTest > shouldInsertRepartitionsTopicForUpstreamKeyModificationWithGroupedReusedInSameCogroups FAILED
    java.lang.AssertionError at CogroupedKStreamImplTest.java:332

org.apache.kafka.streams.kstream.internals.InternalStreamsBuilderTest > shouldHaveCorrectSourceTopicsForTableFromMergedStream FAILED
    java.lang.AssertionError at InternalStreamsBuilderTest.java:131

org.apache.kafka.streams.kstream.internals.KStreamKStreamJoinTest > shouldReuseRepartitionTopicWithGeneratedName FAILED
    org.junit.ComparisonFailure at KStreamKStreamJoinTest.java:147

org.apache.kafka.streams.kstream.internals.KStreamKStreamJoinTest > shouldCreateRepartitionTopicsWithUserProvidedName FAILED
    org.junit.ComparisonFailure at KStreamKStreamJoinTest.java:164

org.apache.kafka.streams.kstream.internals.graph.StreamsGraphTest > shouldNotOptimizeWhenAThroughOperationIsDone FAILED
    org.junit.ComparisonFailure at StreamsGraphTest.java:205

org.apache.kafka.streams.kstream.internals.graph.StreamsGraphTest > shouldOptimizeSeveralMergeNodesWithCommonKeyChangingParent FAILED
    org.junit.ComparisonFailure at StreamsGraphTest.java:230

org.apache.kafka.streams.kstream.internals.suppress.SuppressSuite > org.apache.kafka.streams.state.internals.TimeOrderedKeyValueBufferTest.shouldFlush[0: test=in-memory buffer] FAILED
    java.lang.AssertionError at TimeOrderedKeyValueBufferTest.java:338

org.apache.kafka.streams.processor.internals.ProcessorTopologyTest > shouldCreateStringWithMultipleSourcesAndTopics FAILED
    java.lang.AssertionError at ProcessorTopologyTest.java:1376

org.apache.kafka.streams.processor.internals.RepartitionOptimizingTest > shouldSendCorrectRecords_OPTIMIZED FAILED
    org.junit.ComparisonFailure at RepartitionOptimizingTest.java:207

org.apache.kafka.streams.processor.internals.RepartitionOptimizingTest > shouldSendCorrectResults_NO_OPTIMIZATION FAILED
    org.junit.ComparisonFailure at RepartitionOptimizingTest.java:209


> Task :streams:nondexTest

org.apache.kafka.streams.processor.internals.StreamTaskTest > shouldCommitNextOffsetAndProcessorMetadataFromQueueIfAvailable FAILED
    java.lang.AssertionError at StreamTaskTest.java:1262

org.apache.kafka.streams.processor.internals.StreamTaskTest > shouldThrowTopologyExceptionIfTaskCreatedForUnknownTopic FAILED
    java.lang.AssertionError at StreamTaskTest.java:2521


> Task :streams:nondexTest

org.apache.kafka.streams.processor.internals.TaskManagerTest > shouldRethrowTaskCorruptedExceptionFromStateUpdater FAILED
    org.junit.ComparisonFailure at TaskManagerTest.java:1723

org.apache.kafka.streams.processor.internals.TaskSuite > org.apache.kafka.streams.processor.internals.TaskManagerTest.shouldRethrowTaskCorruptedExceptionFromStateUpdater FAILED
    org.junit.ComparisonFailure at TaskManagerTest.java:1723

org.apache.kafka.streams.processor.internals.TaskSuite > org.apache.kafka.streams.processor.internals.assignment.StickyTaskAssignorTest.shouldOptimizeStatefulAndStatelessTaskTraffic[rackAwareStrategy=none] FAILED
    java.lang.AssertionError at StickyTaskAssignorTest.java:890

org.apache.kafka.streams.processor.internals.TaskSuite > org.apache.kafka.streams.processor.internals.assignment.StickyTaskAssignorTest.shouldRemainOriginalAssignmentWithoutTrafficCostForMinCostStrategy[rackAwareStrategy=min_traffic] FAILED
    java.lang.AssertionError at StickyTaskAssignorTest.java:1059

org.apache.kafka.streams.processor.internals.TaskSuite > org.apache.kafka.streams.processor.internals.assignment.StickyTaskAssignorTest.shouldOptimizeStatefulAndStatelessTaskTraffic[rackAwareStrategy=balance_subtopology] FAILED
    java.lang.AssertionError at StickyTaskAssignorTest.java:880

org.apache.kafka.streams.processor.internals.TaskSuite > org.apache.kafka.streams.integration.StandbyTaskCreationIntegrationTest.initializationError FAILED
    org.junit.runners.model.InvalidTestClassError at ParentRunner.java:525

org.apache.kafka.streams.processor.internals.assignment.ClientTagAwareStandbyTaskAssignorTest > shouldDistributeStandbyTasksWhenActiveTasksAreLocatedOnSameCluster FAILED
    java.lang.AssertionError at ClientTagAwareStandbyTaskAssignorTest.java:504

org.apache.kafka.streams.processor.internals.assignment.StickyTaskAssignorTest > shouldOptimizeStatefulAndStatelessTaskTraffic[rackAwareStrategy=none] FAILED
    java.lang.AssertionError at StickyTaskAssignorTest.java:890

org.apache.kafka.streams.processor.internals.assignment.StickyTaskAssignorTest > shouldOptimizeStatefulAndStatelessTaskTraffic[rackAwareStrategy=min_traffic] FAILED
    java.lang.AssertionError at StickyTaskAssignorTest.java:873

org.apache.kafka.streams.processor.internals.assignment.StickyTaskAssignorTest > shouldRemainOriginalAssignmentWithoutTrafficCostForMinCostStrategy[rackAwareStrategy=min_traffic] FAILED
    java.lang.AssertionError at StickyTaskAssignorTest.java:1059

org.apache.kafka.streams.processor.internals.assignment.StickyTaskAssignorTest > shouldOptimizeStatefulAndStatelessTaskTraffic[rackAwareStrategy=balance_subtopology] FAILED
    java.lang.AssertionError at StickyTaskAssignorTest.java:881

org.apache.kafka.streams.state.internals.TimeOrderedKeyValueBufferTest > shouldFlush[0: test=in-memory buffer] FAILED
    java.lang.AssertionError at TimeOrderedKeyValueBufferTest.java:338
+++Results: FAILURE 33968,33741,139,88
+++Results: FAILURE 33968,33741,139,88
INFO: NonDex SUMMARY:
INFO: *********
INFO: gradle nondexTest -DnondexFilter='.*' -DnondexMode=FULL -DnondexSeed=933178 -DnondexStart=0 -DnondexEnd=9223372036854775807 -DnondexPrintstack=false -DnondexDir="/Users/kekaiyao/Desktop/ID-HtF/github.com/apache/kafka/streams/.nondex" -DnondexJarDir="/Users/kekaiyao/Desktop/ID-HtF/github.com/apache/kafka/streams/.nondex" -DnondexExecid=mm1RmNbtzLM0A3TSaQJlxJfxLvoKU96hvTS1vfv90= -DnondexLogging=CONFIG
WARNING: org.apache.kafka.streams.KafkaStreamsTest.shouldThrowTimeoutExceptionWhenThreadProducerFutureDoesNotComplete
WARNING: org.apache.kafka.streams.TopologyTest.streamStreamLeftJoinTopologyWithCustomStoresSuppliers
WARNING: org.apache.kafka.streams.TopologyTest.streamStreamLeftJoinTopologyWithDefaultStoresNames
WARNING: org.apache.kafka.streams.TopologyTest.streamStreamLeftJoinTopologyWithCustomStoresNames
WARNING: org.apache.kafka.streams.kstream.RepartitionTopicNamingTest.shouldReuseFirstRepartitionTopicNameWhenOptimizing
WARNING: org.apache.kafka.streams.kstream.internals.CogroupedKStreamImplTest.shouldInsertRepartitionsTopicForUpstreamKeyModificationWithGroupedReusedInDifferentCogroupsWithOptimization
WARNING: org.apache.kafka.streams.kstream.internals.CogroupedKStreamImplTest.shouldInsertRepartitionsTopicForUpstreamKeyModificationWithGroupedReusedInSameCogroupsWithOptimization
WARNING: org.apache.kafka.streams.kstream.internals.CogroupedKStreamImplTest.shouldInsertRepartitionsTopicForUpstreamKeyModificationWithGroupedRemadeWithOptimization
WARNING: org.apache.kafka.streams.kstream.internals.CogroupedKStreamImplTest.shouldInsertRepartitionsTopicForUpstreamKeyModificationWithGroupedReusedInSameCogroups
WARNING: org.apache.kafka.streams.kstream.internals.InternalStreamsBuilderTest.shouldHaveCorrectSourceTopicsForTableFromMergedStream
WARNING: org.apache.kafka.streams.kstream.internals.graph.StreamsGraphTest.shouldNotThrowNPEWithMergeNodes
WARNING: org.apache.kafka.streams.kstream.internals.graph.StreamsGraphTest.shouldNotOptimizeWhenRepartitionOperationIsDone
WARNING: org.apache.kafka.streams.kstream.internals.graph.StreamsGraphTest.shouldNotOptimizeWithValueOrKeyChangingOperatorsAfterInitialKeyChange
WARNING: org.apache.kafka.streams.kstream.internals.graph.StreamsGraphTest.shouldOptimizeSeveralMergeNodesWithCommonKeyChangingParent
WARNING: org.apache.kafka.streams.state.internals.TimeOrderedKeyValueBufferTest.shouldFlush[0: test=in-memory buffer]
WARNING: org.apache.kafka.streams.processor.internals.ProcessorTopologyTest.shouldCreateStringWithMultipleSourcesAndTopics
WARNING: org.apache.kafka.streams.processor.internals.ProcessorTopologyTest.shouldCreateStringWithSourceAndTopics
WARNING: org.apache.kafka.streams.processor.internals.RepartitionOptimizingTest.shouldSendCorrectRecords_OPTIMIZED
WARNING: org.apache.kafka.streams.processor.internals.RepartitionOptimizingTest.shouldSendCorrectResults_NO_OPTIMIZATION
WARNING: org.apache.kafka.streams.processor.internals.StreamTaskTest.shouldThrowTopologyExceptionIfTaskCreatedForUnknownTopic
WARNING: org.apache.kafka.streams.processor.internals.TaskManagerTest.shouldRethrowTaskCorruptedExceptionFromInitialization
WARNING: org.apache.kafka.streams.processor.internals.TaskManagerTest.shouldRethrowTaskCorruptedExceptionFromStateUpdater
WARNING: org.apache.kafka.streams.processor.internals.StreamTaskTest.shouldCommitNextOffsetAndProcessorMetadataFromQueueIfAvailable
WARNING: org.apache.kafka.streams.processor.internals.assignment.StickyTaskAssignorTest.shouldOptimizeStatefulAndStatelessTaskTraffic[rackAwareStrategy=none]
WARNING: org.apache.kafka.streams.processor.internals.assignment.StickyTaskAssignorTest.shouldOptimizeStatefulAndStatelessTaskTraffic[rackAwareStrategy=min_traffic]
WARNING: org.apache.kafka.streams.processor.internals.assignment.StickyTaskAssignorTest.shouldRemainOriginalAssignmentWithoutTrafficCostForMinCostStrategy[rackAwareStrategy=min_traffic]
WARNING: org.apache.kafka.streams.processor.internals.assignment.ClientTagAwareStandbyTaskAssignorTest.shouldDistributeStandbyTasksWhenActiveTasksAreLocatedOnSameCluster
WARNING: org.apache.kafka.streams.processor.internals.assignment.StickyTaskAssignorTest.shouldOptimizeStatefulAndStatelessTaskTraffic[rackAwareStrategy=balance_subtopology]
INFO: *********
INFO: *********
INFO: gradle nondexTest -DnondexFilter='.*' -DnondexMode=FULL -DnondexSeed=974622 -DnondexStart=0 -DnondexEnd=9223372036854775807 -DnondexPrintstack=false -DnondexDir="/Users/kekaiyao/Desktop/ID-HtF/github.com/apache/kafka/streams/.nondex" -DnondexJarDir="/Users/kekaiyao/Desktop/ID-HtF/github.com/apache/kafka/streams/.nondex" -DnondexExecid=+kzJPi9+mH+Vn0scqYKRsHEKqf3pGBiN7PEfyOl97n4= -DnondexLogging=CONFIG
WARNING: org.apache.kafka.streams.TopologyTest.streamStreamOuterJoinTopologyWithDefaultStoresNames
WARNING: org.apache.kafka.streams.TopologyTest.streamStreamLeftJoinTopologyWithCustomStoresSuppliers
WARNING: org.apache.kafka.streams.TopologyTest.streamStreamOuterJoinTopologyWithCustomStoresNames
WARNING: org.apache.kafka.streams.TopologyTest.streamStreamOuterJoinTopologyWithCustomStoresSuppliers
WARNING: org.apache.kafka.streams.TopologyTest.streamStreamLeftJoinTopologyWithCustomStoresNames
WARNING: org.apache.kafka.streams.kstream.RepartitionTopicNamingTest.shouldReuseFirstRepartitionTopicNameWhenOptimizing
WARNING: org.apache.kafka.streams.kstream.internals.CogroupedKStreamImplTest.shouldInsertRepartitionsTopicForUpstreamKeyModificationWithGroupedReusedInSameCogroupsWithOptimization
WARNING: org.apache.kafka.streams.kstream.internals.CogroupedKStreamImplTest.shouldInsertRepartitionsTopicForUpstreamKeyModificationWithGroupedReusedInSameCogroups
WARNING: org.apache.kafka.streams.kstream.internals.InternalStreamsBuilderTest.shouldHaveCorrectSourceTopicsForTableFromMergedStream
WARNING: org.apache.kafka.streams.kstream.internals.KStreamKStreamJoinTest.shouldReuseRepartitionTopicWithGeneratedName
WARNING: org.apache.kafka.streams.kstream.internals.KStreamKStreamJoinTest.shouldCreateRepartitionTopicsWithUserProvidedName
WARNING: org.apache.kafka.streams.kstream.internals.graph.StreamsGraphTest.shouldNotOptimizeWhenAThroughOperationIsDone
WARNING: org.apache.kafka.streams.state.internals.TimeOrderedKeyValueBufferTest.shouldFlush[0: test=in-memory buffer]
WARNING: org.apache.kafka.streams.processor.internals.ProcessorTopologyTest.shouldCreateStringWithSourceAndTopics
WARNING: org.apache.kafka.streams.processor.internals.RepartitionOptimizingTest.shouldSendCorrectRecords_OPTIMIZED
WARNING: org.apache.kafka.streams.processor.internals.RepartitionOptimizingTest.shouldSendCorrectResults_NO_OPTIMIZATION
WARNING: org.apache.kafka.streams.processor.internals.StreamTaskTest.shouldCommitNextOffsetAndProcessorMetadataFromQueueIfAvailable
WARNING: org.apache.kafka.streams.processor.internals.StreamTaskTest.shouldThrowTopologyExceptionIfTaskCreatedForUnknownTopic
WARNING: org.apache.kafka.streams.processor.internals.TaskManagerTest.shouldRethrowTaskCorruptedExceptionFromInitialization
WARNING: org.apache.kafka.streams.processor.internals.assignment.StickyTaskAssignorTest.shouldOptimizeStatefulAndStatelessTaskTraffic[rackAwareStrategy=none]
WARNING: org.apache.kafka.streams.processor.internals.assignment.StickyTaskAssignorTest.shouldOptimizeStatefulAndStatelessTaskTraffic[rackAwareStrategy=min_traffic]
WARNING: org.apache.kafka.streams.processor.internals.assignment.StickyTaskAssignorTest.shouldRemainOriginalAssignmentWithoutTrafficCostForMinCostStrategy[rackAwareStrategy=min_traffic]
WARNING: org.apache.kafka.streams.processor.internals.assignment.StickyTaskAssignorTest.shouldOptimizeStatefulAndStatelessTaskTraffic[rackAwareStrategy=balance_subtopology]
INFO: *********
INFO: *********
INFO: gradle nondexTest -DnondexFilter='.*' -DnondexMode=FULL -DnondexSeed=1016066 -DnondexStart=0 -DnondexEnd=9223372036854775807 -DnondexPrintstack=false -DnondexDir="/Users/kekaiyao/Desktop/ID-HtF/github.com/apache/kafka/streams/.nondex" -DnondexJarDir="/Users/kekaiyao/Desktop/ID-HtF/github.com/apache/kafka/streams/.nondex" -DnondexExecid=pKAEIEtOqHPU4bVY6v0koFQcT5ED+KCn9x2jMGQstH0= -DnondexLogging=CONFIG
WARNING: org.apache.kafka.streams.TopologyTest.streamStreamOuterJoinTopologyWithCustomStoresNames
WARNING: org.apache.kafka.streams.TopologyTest.streamStreamOuterJoinTopologyWithCustomStoresSuppliers
WARNING: org.apache.kafka.streams.TopologyTest.streamStreamLeftJoinTopologyWithCustomStoresNames
WARNING: org.apache.kafka.streams.kstream.RepartitionTopicNamingTest.shouldReuseFirstRepartitionTopicNameWhenOptimizing
WARNING: org.apache.kafka.streams.kstream.internals.CogroupedKStreamImplTest.shouldInsertRepartitionsTopicForUpstreamKeyModificationWithGroupedReusedInSameCogroups
WARNING: org.apache.kafka.streams.kstream.internals.CogroupedKStreamImplTest.shouldInsertRepartitionsTopicForUpstreamKeyModificationWithGroupedReused
WARNING: org.apache.kafka.streams.kstream.internals.InternalStreamsBuilderTest.shouldHaveCorrectSourceTopicsForTableFromMergedStream
WARNING: org.apache.kafka.streams.kstream.internals.KStreamKStreamJoinTest.shouldCreateRepartitionTopicsWithUserProvidedName
WARNING: org.apache.kafka.streams.kstream.internals.KStreamKTableJoinTest.shouldReuseRepartitionTopicWithGeneratedName
WARNING: org.apache.kafka.streams.kstream.internals.KStreamKTableJoinTest.shouldCreateRepartitionTopicsWithUserProvidedName
WARNING: org.apache.kafka.streams.kstream.internals.graph.StreamsGraphTest.shouldNotThrowNPEWithMergeNodes
WARNING: org.apache.kafka.streams.state.internals.TimeOrderedKeyValueBufferTest.shouldFlush[0: test=in-memory buffer]
WARNING: org.apache.kafka.streams.processor.internals.ProcessorTopologyTest.shouldCreateStringWithMultipleSourcesAndTopics
WARNING: org.apache.kafka.streams.processor.internals.RepartitionOptimizingTest.shouldSendCorrectRecords_OPTIMIZED
WARNING: org.apache.kafka.streams.processor.internals.RepartitionOptimizingTest.shouldSendCorrectResults_NO_OPTIMIZATION
WARNING: org.apache.kafka.streams.processor.internals.TaskManagerTest.shouldRethrowTaskCorruptedExceptionFromStateUpdater
WARNING: org.apache.kafka.streams.processor.internals.StreamTaskTest.shouldThrowTopologyExceptionIfTaskCreatedForUnknownTopic
WARNING: org.apache.kafka.streams.processor.internals.TaskManagerTest.shouldRethrowTaskCorruptedExceptionFromInitialization
WARNING: org.apache.kafka.streams.processor.internals.assignment.StickyTaskAssignorTest.shouldOptimizeStatefulAndStatelessTaskTraffic[rackAwareStrategy=none]
WARNING: org.apache.kafka.streams.processor.internals.assignment.StickyTaskAssignorTest.shouldOptimizeStatefulAndStatelessTaskTraffic[rackAwareStrategy=min_traffic]
WARNING: org.apache.kafka.streams.processor.internals.assignment.StickyTaskAssignorTest.shouldRemainOriginalAssignmentWithoutTrafficCostForMinCostStrategy[rackAwareStrategy=min_traffic]
WARNING: org.apache.kafka.streams.processor.internals.assignment.StickyTaskAssignorTest.shouldOptimizeStatefulAndStatelessTaskTraffic[rackAwareStrategy=balance_subtopology]
WARNING: org.apache.kafka.streams.processor.internals.assignment.ClientTagAwareStandbyTaskAssignorTest.shouldDistributeClientsOnDifferentZoneTagsEvenWhenClientsReachedCapacity
INFO: *********
INFO: *********
INFO: gradle nondexTest -DnondexFilter='.*' -DnondexMode=FULL -DnondexSeed=1057510 -DnondexStart=0 -DnondexEnd=9223372036854775807 -DnondexPrintstack=false -DnondexDir="/Users/kekaiyao/Desktop/ID-HtF/github.com/apache/kafka/streams/.nondex" -DnondexJarDir="/Users/kekaiyao/Desktop/ID-HtF/github.com/apache/kafka/streams/.nondex" -DnondexExecid=pMjwtudSoOR0lxKx2xJGObSfMmMUBoWSqjznPJyqMBc= -DnondexLogging=CONFIG
WARNING: org.apache.kafka.streams.KafkaStreamsTest.shouldThrowTimeoutExceptionWhenThreadProducerFutureDoesNotComplete
WARNING: org.apache.kafka.streams.TopologyTest.streamStreamOuterJoinTopologyWithDefaultStoresNames
WARNING: org.apache.kafka.streams.TopologyTest.streamStreamLeftJoinTopologyWithCustomStoresSuppliers
WARNING: org.apache.kafka.streams.TopologyTest.streamStreamOuterJoinTopologyWithCustomStoresNames
WARNING: org.apache.kafka.streams.TopologyTest.streamStreamLeftJoinTopologyWithDefaultStoresNames
WARNING: org.apache.kafka.streams.TopologyTest.streamStreamOuterJoinTopologyWithCustomStoresSuppliers
WARNING: org.apache.kafka.streams.TopologyTest.streamStreamLeftJoinTopologyWithCustomStoresNames
WARNING: org.apache.kafka.streams.kstream.RepartitionTopicNamingTest.shouldReuseFirstRepartitionTopicNameWhenOptimizing
WARNING: org.apache.kafka.streams.kstream.internals.CogroupedKStreamImplTest.shouldInsertRepartitionsTopicForUpstreamKeyModificationWithGroupedReusedInSameCogroupsWithOptimization
WARNING: org.apache.kafka.streams.kstream.internals.CogroupedKStreamImplTest.shouldInsertRepartitionsTopicForUpstreamKeyModificationWithGroupedReusedInSameCogroups
WARNING: org.apache.kafka.streams.kstream.internals.InternalStreamsBuilderTest.shouldHaveCorrectSourceTopicsForTableFromMergedStream
WARNING: org.apache.kafka.streams.kstream.internals.KStreamKStreamJoinTest.shouldReuseRepartitionTopicWithGeneratedName
WARNING: org.apache.kafka.streams.kstream.internals.KStreamKStreamJoinTest.shouldCreateRepartitionTopicsWithUserProvidedName
WARNING: org.apache.kafka.streams.kstream.internals.graph.StreamsGraphTest.shouldNotOptimizeWhenAThroughOperationIsDone
WARNING: org.apache.kafka.streams.kstream.internals.graph.StreamsGraphTest.shouldOptimizeSeveralMergeNodesWithCommonKeyChangingParent
WARNING: org.apache.kafka.streams.state.internals.TimeOrderedKeyValueBufferTest.shouldFlush[0: test=in-memory buffer]
WARNING: org.apache.kafka.streams.processor.internals.ProcessorTopologyTest.shouldCreateStringWithMultipleSourcesAndTopics
WARNING: org.apache.kafka.streams.processor.internals.RepartitionOptimizingTest.shouldSendCorrectRecords_OPTIMIZED
WARNING: org.apache.kafka.streams.processor.internals.RepartitionOptimizingTest.shouldSendCorrectResults_NO_OPTIMIZATION
WARNING: org.apache.kafka.streams.processor.internals.StreamTaskTest.shouldCommitNextOffsetAndProcessorMetadataFromQueueIfAvailable
WARNING: org.apache.kafka.streams.processor.internals.StreamTaskTest.shouldThrowTopologyExceptionIfTaskCreatedForUnknownTopic
WARNING: org.apache.kafka.streams.processor.internals.TaskManagerTest.shouldRethrowTaskCorruptedExceptionFromStateUpdater
WARNING: org.apache.kafka.streams.processor.internals.assignment.StickyTaskAssignorTest.shouldOptimizeStatefulAndStatelessTaskTraffic[rackAwareStrategy=none]
WARNING: org.apache.kafka.streams.processor.internals.assignment.StickyTaskAssignorTest.shouldRemainOriginalAssignmentWithoutTrafficCostForMinCostStrategy[rackAwareStrategy=min_traffic]
WARNING: org.apache.kafka.streams.processor.internals.assignment.StickyTaskAssignorTest.shouldOptimizeStatefulAndStatelessTaskTraffic[rackAwareStrategy=balance_subtopology]
WARNING: org.apache.kafka.streams.processor.internals.assignment.ClientTagAwareStandbyTaskAssignorTest.shouldDistributeStandbyTasksWhenActiveTasksAreLocatedOnSameCluster
WARNING: org.apache.kafka.streams.processor.internals.assignment.StickyTaskAssignorTest.shouldOptimizeStatefulAndStatelessTaskTraffic[rackAwareStrategy=min_traffic]
INFO: *********
INFO: The following tests failed in the clean run:
WARNING: org.apache.kafka.common.utils.BytesTest.initializationError
WARNING: org.apache.kafka.streams.integration.KTableKTableForeignKeyInnerJoinMultiIntegrationTest.initializationError
WARNING: org.apache.kafka.streams.integration.QueryableStateIntegrationTest.initializationError
WARNING: org.apache.kafka.streams.integration.StandbyTaskCreationIntegrationTest.initializationError
INFO: ####################
INFO: Across all seeds:
INFO: org.apache.kafka.streams.KafkaStreamsTest.shouldThrowTimeoutExceptionWhenThreadProducerFutureDoesNotComplete
INFO: org.apache.kafka.streams.TopologyTest.streamStreamLeftJoinTopologyWithCustomStoresSuppliers
INFO: org.apache.kafka.streams.TopologyTest.streamStreamLeftJoinTopologyWithDefaultStoresNames
INFO: org.apache.kafka.streams.TopologyTest.streamStreamLeftJoinTopologyWithCustomStoresNames
INFO: org.apache.kafka.streams.kstream.RepartitionTopicNamingTest.shouldReuseFirstRepartitionTopicNameWhenOptimizing
INFO: org.apache.kafka.streams.kstream.internals.CogroupedKStreamImplTest.shouldInsertRepartitionsTopicForUpstreamKeyModificationWithGroupedReusedInDifferentCogroupsWithOptimization
INFO: org.apache.kafka.streams.kstream.internals.CogroupedKStreamImplTest.shouldInsertRepartitionsTopicForUpstreamKeyModificationWithGroupedReusedInSameCogroupsWithOptimization
INFO: org.apache.kafka.streams.kstream.internals.CogroupedKStreamImplTest.shouldInsertRepartitionsTopicForUpstreamKeyModificationWithGroupedRemadeWithOptimization
INFO: org.apache.kafka.streams.kstream.internals.CogroupedKStreamImplTest.shouldInsertRepartitionsTopicForUpstreamKeyModificationWithGroupedReusedInSameCogroups
INFO: org.apache.kafka.streams.kstream.internals.InternalStreamsBuilderTest.shouldHaveCorrectSourceTopicsForTableFromMergedStream
INFO: org.apache.kafka.streams.kstream.internals.graph.StreamsGraphTest.shouldNotThrowNPEWithMergeNodes
INFO: org.apache.kafka.streams.kstream.internals.graph.StreamsGraphTest.shouldNotOptimizeWhenRepartitionOperationIsDone
INFO: org.apache.kafka.streams.kstream.internals.graph.StreamsGraphTest.shouldNotOptimizeWithValueOrKeyChangingOperatorsAfterInitialKeyChange
INFO: org.apache.kafka.streams.kstream.internals.graph.StreamsGraphTest.shouldOptimizeSeveralMergeNodesWithCommonKeyChangingParent
INFO: org.apache.kafka.streams.state.internals.TimeOrderedKeyValueBufferTest.shouldFlush[0: test=in-memory buffer]
INFO: org.apache.kafka.streams.processor.internals.ProcessorTopologyTest.shouldCreateStringWithMultipleSourcesAndTopics
INFO: org.apache.kafka.streams.processor.internals.ProcessorTopologyTest.shouldCreateStringWithSourceAndTopics
INFO: org.apache.kafka.streams.processor.internals.RepartitionOptimizingTest.shouldSendCorrectRecords_OPTIMIZED
INFO: org.apache.kafka.streams.processor.internals.RepartitionOptimizingTest.shouldSendCorrectResults_NO_OPTIMIZATION
INFO: org.apache.kafka.streams.processor.internals.StreamTaskTest.shouldThrowTopologyExceptionIfTaskCreatedForUnknownTopic
INFO: org.apache.kafka.streams.processor.internals.TaskManagerTest.shouldRethrowTaskCorruptedExceptionFromInitialization
INFO: org.apache.kafka.streams.processor.internals.TaskManagerTest.shouldRethrowTaskCorruptedExceptionFromStateUpdater
INFO: org.apache.kafka.streams.processor.internals.StreamTaskTest.shouldCommitNextOffsetAndProcessorMetadataFromQueueIfAvailable
INFO: org.apache.kafka.streams.processor.internals.assignment.StickyTaskAssignorTest.shouldOptimizeStatefulAndStatelessTaskTraffic[rackAwareStrategy=none]
INFO: org.apache.kafka.streams.processor.internals.assignment.StickyTaskAssignorTest.shouldOptimizeStatefulAndStatelessTaskTraffic[rackAwareStrategy=min_traffic]
INFO: org.apache.kafka.streams.processor.internals.assignment.StickyTaskAssignorTest.shouldRemainOriginalAssignmentWithoutTrafficCostForMinCostStrategy[rackAwareStrategy=min_traffic]
INFO: org.apache.kafka.streams.processor.internals.assignment.ClientTagAwareStandbyTaskAssignorTest.shouldDistributeStandbyTasksWhenActiveTasksAreLocatedOnSameCluster
INFO: org.apache.kafka.streams.processor.internals.assignment.StickyTaskAssignorTest.shouldOptimizeStatefulAndStatelessTaskTraffic[rackAwareStrategy=balance_subtopology]
INFO: org.apache.kafka.streams.TopologyTest.streamStreamOuterJoinTopologyWithDefaultStoresNames
INFO: org.apache.kafka.streams.TopologyTest.streamStreamOuterJoinTopologyWithCustomStoresNames
INFO: org.apache.kafka.streams.TopologyTest.streamStreamOuterJoinTopologyWithCustomStoresSuppliers
INFO: org.apache.kafka.streams.kstream.internals.KStreamKStreamJoinTest.shouldReuseRepartitionTopicWithGeneratedName
INFO: org.apache.kafka.streams.kstream.internals.KStreamKStreamJoinTest.shouldCreateRepartitionTopicsWithUserProvidedName
INFO: org.apache.kafka.streams.kstream.internals.graph.StreamsGraphTest.shouldNotOptimizeWhenAThroughOperationIsDone
INFO: org.apache.kafka.streams.kstream.internals.CogroupedKStreamImplTest.shouldInsertRepartitionsTopicForUpstreamKeyModificationWithGroupedReused
INFO: org.apache.kafka.streams.kstream.internals.KStreamKTableJoinTest.shouldReuseRepartitionTopicWithGeneratedName
INFO: org.apache.kafka.streams.kstream.internals.KStreamKTableJoinTest.shouldCreateRepartitionTopicsWithUserProvidedName
INFO: org.apache.kafka.streams.processor.internals.assignment.ClientTagAwareStandbyTaskAssignorTest.shouldDistributeClientsOnDifferentZoneTagsEvenWhenClientsReachedCapacity
INFO: Test results can be found at: 
INFO: file:///Users/kekaiyao/Desktop/ID-HtF/github.com/apache/kafka/streams/.nondex/mm1RmNbtzLM0A3TSaQJlxJfxLvoKU96hvTS1vfv90=/test_results.html
INFO: [NonDex] The id of this run is: mm1RmNbtzLM0A3TSaQJlxJfxLvoKU96hvTS1vfv90=

> Task :streams:nondexTest FAILED

Deprecated Gradle features were used in this build, making it incompatible with Gradle 9.0.

You can use '--warning-mode all' to show the individual deprecation warnings and determine if they come from your own scripts or plugins.

For more on this, please refer to https://docs.gradle.org/8.5/userguide/command_line_interface.html#sec:command_line_warnings in the Gradle documentation.
95 actionable tasks: 1 executed, 94 up-to-date
