
> Configure project :
Starting build with version 3.8.0-SNAPSHOT (commit id cd1eb634) using Gradle 8.5, Java 11 and Scala 2.13.12
Build properties: maxParallelForks=8, maxScalacThreads=8, maxTestRetries=0

> Task :server-common:processResources NO-SOURCE
> Task :metadata:processResources UP-TO-DATE
> Task :raft:processResources UP-TO-DATE
> Task :core:processResources UP-TO-DATE
> Task :server-common:processTestResources UP-TO-DATE
> Task :group-coordinator:processResources UP-TO-DATE
> Task :storage:processResources UP-TO-DATE
> Task :group-coordinator:processTestResources UP-TO-DATE
> Task :storage:createVersionFile UP-TO-DATE
> Task :server-common:createVersionFile UP-TO-DATE
> Task :metadata:processTestResources UP-TO-DATE
> Task :raft:processTestResources UP-TO-DATE
> Task :raft:createVersionFile UP-TO-DATE
> Task :storage:storage-api:processResources NO-SOURCE
> Task :core:processTestResources UP-TO-DATE
> Task :tools:tools-api:processResources NO-SOURCE
> Task :storage:processTestResources UP-TO-DATE
> Task :server:processResources NO-SOURCE
> Task :storage:storage-api:processTestResources NO-SOURCE
> Task :storage:storage-api:createVersionFile UP-TO-DATE
> Task :server:processTestResources NO-SOURCE
> Task :server:createVersionFile UP-TO-DATE
> Task :tools:tools-api:createVersionFile UP-TO-DATE
> Task :clients:processResources UP-TO-DATE
> Task :clients:createVersionFile UP-TO-DATE
> Task :clients:processTestResources UP-TO-DATE
> Task :generator:compileJava UP-TO-DATE
> Task :generator:processResources NO-SOURCE
> Task :generator:classes UP-TO-DATE
> Task :generator:jar UP-TO-DATE
> Task :clients:processMessages UP-TO-DATE
> Task :core:processMessages UP-TO-DATE
> Task :group-coordinator:processMessages UP-TO-DATE
> Task :raft:processMessages UP-TO-DATE
> Task :storage:processMessages UP-TO-DATE
> Task :metadata:processMessages UP-TO-DATE
> Task :clients:compileJava UP-TO-DATE
> Task :clients:classes UP-TO-DATE
> Task :clients:processTestMessages UP-TO-DATE
> Task :tools:tools-api:compileJava UP-TO-DATE
> Task :tools:tools-api:classes UP-TO-DATE
> Task :server-common:compileJava UP-TO-DATE
> Task :tools:tools-api:jar UP-TO-DATE
> Task :server-common:classes UP-TO-DATE
> Task :server-common:jar UP-TO-DATE
> Task :storage:storage-api:compileJava UP-TO-DATE
> Task :raft:compileJava UP-TO-DATE
> Task :storage:storage-api:classes UP-TO-DATE
> Task :raft:classes UP-TO-DATE
> Task :server:compileJava UP-TO-DATE
> Task :server:classes UP-TO-DATE
> Task :raft:jar UP-TO-DATE
> Task :storage:storage-api:jar UP-TO-DATE
> Task :server:jar UP-TO-DATE
> Task :metadata:compileJava UP-TO-DATE
> Task :metadata:classes UP-TO-DATE
> Task :storage:compileJava UP-TO-DATE
> Task :metadata:jar UP-TO-DATE
> Task :storage:classes UP-TO-DATE
> Task :clients:compileTestJava UP-TO-DATE
> Task :group-coordinator:compileJava UP-TO-DATE
> Task :storage:jar UP-TO-DATE
> Task :group-coordinator:classes UP-TO-DATE
> Task :core:compileJava NO-SOURCE
> Task :group-coordinator:jar UP-TO-DATE
> Task :clients:shadowJar UP-TO-DATE
> Task :clients:jar SKIPPED
> Task :clients:testClasses UP-TO-DATE
> Task :storage:storage-api:compileTestJava UP-TO-DATE
> Task :storage:storage-api:testClasses UP-TO-DATE
> Task :server:compileTestJava UP-TO-DATE
> Task :server:testClasses UP-TO-DATE
> Task :server-common:compileTestJava UP-TO-DATE
> Task :server-common:testClasses UP-TO-DATE
> Task :raft:compileTestJava UP-TO-DATE
> Task :raft:testClasses UP-TO-DATE
> Task :group-coordinator:compileTestJava UP-TO-DATE
> Task :group-coordinator:testClasses UP-TO-DATE
> Task :metadata:compileTestJava UP-TO-DATE
> Task :metadata:testClasses UP-TO-DATE
> Task :core:compileScala UP-TO-DATE
> Task :core:classes UP-TO-DATE
> Task :core:compileTestJava NO-SOURCE
> Task :core:compileTestScala UP-TO-DATE
> Task :core:copyDependantLibs UP-TO-DATE
> Task :core:jar UP-TO-DATE
> Task :core:testClasses UP-TO-DATE
> Task :storage:compileTestJava UP-TO-DATE
> Task :storage:testClasses UP-TO-DATE

> Task :storage:nondexTest
INFO: The original argline is: [-Xss4m, -XX:+UseParallelGC, -Xmx2g, -Dfile.encoding=UTF-8, -Duser.country=CN, -Duser.language=zh, -Duser.variant, -ea]
CONFIG: nondexFilter=.*
nondexMode=FULL
nondexSeed=933178
nondexStart=0
nondexEnd=9223372036854775807
nondexPrintstack=false
nondexDir=/Users/kekaiyao/Desktop/ID-HtF/github.com/apache/kafka/storage/.nondex
nondexJarDir=.nondex
nondexExecid=clean_8VuhoO8LTRIDNSt02wIIWCM5cH3JWTy11b0NLXxqDcY=
nondexLogging=CONFIG
test=
+++Results: SUCCESS 0,0,0,0
+++Results: SUCCESS 0,0,0,0
CONFIG: nondexFilter=.*
nondexMode=FULL
nondexSeed=933178
nondexStart=0
nondexEnd=9223372036854775807
nondexPrintstack=false
nondexDir=/Users/kekaiyao/Desktop/ID-HtF/github.com/apache/kafka/storage/.nondex
nondexJarDir=/Users/kekaiyao/Desktop/ID-HtF/github.com/apache/kafka/storage/.nondex
nondexExecid=u2quSOPGhefi899cozZNzGNGrKDsAgV1NvNFWfT2Bk4=
nondexLogging=CONFIG
test=
CONFIG: nondexFilter=.*
nondexMode=FULL
nondexSeed=974622
nondexStart=0
nondexEnd=9223372036854775807
nondexPrintstack=false
nondexDir=/Users/kekaiyao/Desktop/ID-HtF/github.com/apache/kafka/storage/.nondex
nondexJarDir=/Users/kekaiyao/Desktop/ID-HtF/github.com/apache/kafka/storage/.nondex
nondexExecid=OFSFmf11UxWtR5TItzCqm5hHKns2GLVl8gkKJkIpd+g=
nondexLogging=CONFIG
test=
CONFIG: nondexFilter=.*
nondexMode=FULL
nondexSeed=1016066
nondexStart=0
nondexEnd=9223372036854775807
nondexPrintstack=false
nondexDir=/Users/kekaiyao/Desktop/ID-HtF/github.com/apache/kafka/storage/.nondex
nondexJarDir=/Users/kekaiyao/Desktop/ID-HtF/github.com/apache/kafka/storage/.nondex
nondexExecid=L5Hxz4NShWcL+5SN7BRg0FnFUaZbnQrU268I6y2Krq4=
nondexLogging=CONFIG
test=
CONFIG: nondexFilter=.*
nondexMode=FULL
nondexSeed=1057510
nondexStart=0
nondexEnd=9223372036854775807
nondexPrintstack=false
nondexDir=/Users/kekaiyao/Desktop/ID-HtF/github.com/apache/kafka/storage/.nondex
nondexJarDir=/Users/kekaiyao/Desktop/ID-HtF/github.com/apache/kafka/storage/.nondex
nondexExecid=G3wZ8pVroEwU2hB7uhbHbmX50xTwsUwLBa6+1KjoLlg=
nondexLogging=CONFIG
test=
+++Results: SUCCESS 0,0,0,0
+++Results: SUCCESS 0,0,0,0
INFO: NonDex SUMMARY:
INFO: *********
INFO: gradle nondexTest -DnondexFilter='.*' -DnondexMode=FULL -DnondexSeed=933178 -DnondexStart=0 -DnondexEnd=9223372036854775807 -DnondexPrintstack=false -DnondexDir="/Users/kekaiyao/Desktop/ID-HtF/github.com/apache/kafka/storage/.nondex" -DnondexJarDir="/Users/kekaiyao/Desktop/ID-HtF/github.com/apache/kafka/storage/.nondex" -DnondexExecid=u2quSOPGhefi899cozZNzGNGrKDsAgV1NvNFWfT2Bk4= -DnondexLogging=CONFIG
INFO: No Test Failed with this configuration.
INFO: *********
INFO: *********
INFO: gradle nondexTest -DnondexFilter='.*' -DnondexMode=FULL -DnondexSeed=974622 -DnondexStart=0 -DnondexEnd=9223372036854775807 -DnondexPrintstack=false -DnondexDir="/Users/kekaiyao/Desktop/ID-HtF/github.com/apache/kafka/storage/.nondex" -DnondexJarDir="/Users/kekaiyao/Desktop/ID-HtF/github.com/apache/kafka/storage/.nondex" -DnondexExecid=OFSFmf11UxWtR5TItzCqm5hHKns2GLVl8gkKJkIpd+g= -DnondexLogging=CONFIG
INFO: No Test Failed with this configuration.
INFO: *********
INFO: *********
INFO: gradle nondexTest -DnondexFilter='.*' -DnondexMode=FULL -DnondexSeed=1016066 -DnondexStart=0 -DnondexEnd=9223372036854775807 -DnondexPrintstack=false -DnondexDir="/Users/kekaiyao/Desktop/ID-HtF/github.com/apache/kafka/storage/.nondex" -DnondexJarDir="/Users/kekaiyao/Desktop/ID-HtF/github.com/apache/kafka/storage/.nondex" -DnondexExecid=L5Hxz4NShWcL+5SN7BRg0FnFUaZbnQrU268I6y2Krq4= -DnondexLogging=CONFIG
INFO: No Test Failed with this configuration.
INFO: *********
INFO: *********
INFO: gradle nondexTest -DnondexFilter='.*' -DnondexMode=FULL -DnondexSeed=1057510 -DnondexStart=0 -DnondexEnd=9223372036854775807 -DnondexPrintstack=false -DnondexDir="/Users/kekaiyao/Desktop/ID-HtF/github.com/apache/kafka/storage/.nondex" -DnondexJarDir="/Users/kekaiyao/Desktop/ID-HtF/github.com/apache/kafka/storage/.nondex" -DnondexExecid=G3wZ8pVroEwU2hB7uhbHbmX50xTwsUwLBa6+1KjoLlg= -DnondexLogging=CONFIG
INFO: No Test Failed with this configuration.
INFO: *********
INFO: All tests pass without NonDex shuffling
INFO: ####################
INFO: Across all seeds:
INFO: Test results can be found at: 
INFO: file:///Users/kekaiyao/Desktop/ID-HtF/github.com/apache/kafka/storage/.nondex/u2quSOPGhefi899cozZNzGNGrKDsAgV1NvNFWfT2Bk4=/test_results.html
INFO: [NonDex] The id of this run is: u2quSOPGhefi899cozZNzGNGrKDsAgV1NvNFWfT2Bk4=

Deprecated Gradle features were used in this build, making it incompatible with Gradle 9.0.

You can use '--warning-mode all' to show the individual deprecation warnings and determine if they come from your own scripts or plugins.

For more on this, please refer to https://docs.gradle.org/8.5/userguide/command_line_interface.html#sec:command_line_warnings in the Gradle documentation.

BUILD SUCCESSFUL in 2s
60 actionable tasks: 1 executed, 59 up-to-date
